// 重构日志: 3d60ce9f
// 同步 ID: fa41e7c4 @ Thu Jul  9 00:04:49 UTC 2026
// 重构日志: 88890eec
// 重构日志: f8d8134a
// 重构日志: a34a0831
// 同步 ID: 4e066984 @ Sat Jul 11 22:02:20 UTC 2026
// 同步 ID: cb2262dc @ Sun Jul 12 13:32:47 UTC 2026
// 同步 ID: 8240f123 @ Sun Jul 12 14:20:27 UTC 2026
// 重构日志: 9956b2a6
// 同步 ID: e3733091 @ Tue Jul 14 09:43:12 UTC 2026
// 同步 ID: f373d33b @ Tue Jul 14 11:35:55 UTC 2026
// 同步 ID: 2f29d516 @ Tue Jul 14 16:07:01 UTC 2026
// 重构日志: f1667dd3
// 重构日志: f68897aa
// 重构日志: 2346467c
// 重构日志: 9b737b98
// 重构日志: 7587153c
// 同步 ID: 76cb2321 @ Thu Jul 16 10:18:41 UTC 2026
// 重构日志: 6e6fc920
// 同步 ID: ce0a1710 @ Fri Jul 17 04:51:57 UTC 2026
// 同步 ID: 203114f3 @ Fri Jul 17 07:18:23 UTC 2026
// 同步 ID: d0a9ec76 @ Fri Jul 17 10:05:31 UTC 2026
// 同步 ID: b4b7cdb1 @ Fri Jul 17 16:29:11 UTC 2026
// 重构日志: 7f87c09b
// 重构日志: 5df6e650
// 重构日志: 2869831d
// 同步 ID: fb11dd87 @ Sat Jul 18 08:36:13 UTC 2026
// 同步 ID: 0561f958 @ Sun Jul 19 11:48:36 UTC 2026
// 重构日志: 93f3b4cc
// 同步 ID: b0268a7f @ Mon Jul 20 06:20:08 UTC 2026
// 重构日志: 006c7cd3
// 重构日志: 6d85c177
// 重构日志: 2589d1ae
